Using pre-set license
Built from '2021.3/staging' branch; Version is '2021.3.5f1 (40eb3a945986) revision 4254522'; Using compiler version '192829333'; Build Type 'Release'
OS: 'Windows 10  (10.0.19042) 64bit Education' Language: 'en' Physical Memory: 32429 MB
BatchMode: 1, IsHumanControllingUs: 0, StartBugReporterOnCrash: 0, Is64bit: 1, IsPro: 1

COMMAND LINE ARGUMENTS:
C:\Program Files\Unity\Hub\Editor\2021.3.5f1\Editor\Unity.exe
-adb2
-batchMode
-noUpm
-name
AssetImportWorker2
-projectPath
C:/Users/gasawase/Documents/GitHub/NetworkGD2022/NetworkGD
-logFile
Logs/AssetImportWorker2.log
-srvPort
55983
Successfully changed project path to: C:/Users/gasawase/Documents/GitHub/NetworkGD2022/NetworkGD
C:/Users/gasawase/Documents/GitHub/NetworkGD2022/NetworkGD
[UnityMemory] Configuration Parameters - Can be set up in boot.config
    "memorysetup-bucket-allocator-granularity=16"
    "memorysetup-bucket-allocator-bucket-count=8"
    "memorysetup-bucket-allocator-block-size=33554432"
    "memorysetup-bucket-allocator-block-count=8"
    "memorysetup-main-allocator-block-size=16777216"
    "memorysetup-thread-allocator-block-size=16777216"
    "memorysetup-gfx-main-allocator-block-size=16777216"
    "memorysetup-gfx-thread-allocator-block-size=16777216"
    "memorysetup-cache-allocator-block-size=4194304"
    "memorysetup-typetree-allocator-block-size=2097152"
    "memorysetup-profiler-bucket-allocator-granularity=16"
    "memorysetup-profiler-bucket-allocator-bucket-count=8"
    "memorysetup-profiler-bucket-allocator-block-size=33554432"
    "memorysetup-profiler-bucket-allocator-block-count=8"
    "memorysetup-profiler-allocator-block-size=16777216"
    "memorysetup-profiler-editor-allocator-block-size=1048576"
    "memorysetup-temp-allocator-size-main=16777216"
    "memorysetup-job-temp-allocator-block-size=2097152"
    "memorysetup-job-temp-allocator-block-size-background=1048576"
    "memorysetup-job-temp-allocator-reduction-small-platforms=262144"
    "memorysetup-temp-allocator-size-background-worker=32768"
    "memorysetup-temp-allocator-size-job-worker=262144"
    "memorysetup-temp-allocator-size-preload-manager=33554432"
    "memorysetup-temp-allocator-size-nav-mesh-worker=65536"
    "memorysetup-temp-allocator-size-audio-worker=65536"
    "memorysetup-temp-allocator-size-cloud-worker=32768"
    "memorysetup-temp-allocator-size-gi-baking-worker=262144"
    "memorysetup-temp-allocator-size-gfx=262144"
Refreshing native plugins compatible for Editor in 151.69 ms, found 3 plugins.
Preloading 0 native plugins for Editor in 0.00 ms.
Initialize engine version: 2021.3.5f1 (40eb3a945986)
[Subsystems] Discovering subsystems at path C:/Program Files/Unity/Hub/Editor/2021.3.5f1/Editor/Data/Resources/UnitySubsystems
[Subsystems] Discovering subsystems at path C:/Users/gasawase/Documents/GitHub/NetworkGD2022/NetworkGD/Assets
GfxDevice: creating device client; threaded=0; jobified=0
Direct3D:
    Version:  Direct3D 11.0 [level 11.1]
    Renderer: NVIDIA GeForce RTX 3070 Laptop GPU (ID=0x24dd)
    Vendor:   NVIDIA
    VRAM:     8044 MB
    Driver:   30.0.15.1298
Initialize mono
Mono path[0] = 'C:/Program Files/Unity/Hub/Editor/2021.3.5f1/Editor/Data/Managed'
Mono path[1] = 'C:/Program Files/Unity/Hub/Editor/2021.3.5f1/Editor/Data/MonoBleedingEdge/lib/mono/unityjit-win32'
Mono config path = 'C:/Program Files/Unity/Hub/Editor/2021.3.5f1/Editor/Data/MonoBleedingEdge/etc'
Using monoOptions --debugger-agent=transport=dt_socket,embedding=1,server=y,suspend=n,address=127.0.0.1:56200
Begin MonoManager ReloadAssembly
Registering precompiled unity dll's ...
Register platform support module: C:/Program Files/Unity/Hub/Editor/2021.3.5f1/Editor/Data/PlaybackEngines/AndroidPlayer/UnityEditor.Android.Extensions.dll
Register platform support module: C:/Program Files/Unity/Hub/Editor/2021.3.5f1/Editor/Data/PlaybackEngines/WindowsStandaloneSupport/UnityEditor.WindowsStandalone.Extensions.dll
Registered in 0.013265 seconds.
Native extension for WindowsStandalone target not found
Native extension for Android target not found
Refreshing native plugins compatible for Editor in 176.30 ms, found 3 plugins.
Preloading 0 native plugins for Editor in 0.00 ms.
Mono: successfully reloaded assembly
- Completed reload, in  0.995 seconds
Domain Reload Profiling:
	ReloadAssembly (996ms)
		BeginReloadAssembly (99ms)
			ExecutionOrderSort (0ms)
			DisableScriptedObjects (0ms)
			BackupInstance (0ms)
			ReleaseScriptingObjects (0ms)
			CreateAndSetChildDomain (1ms)
		EndReloadAssembly (744ms)
			LoadAssemblies (95ms)
			RebuildTransferFunctionScriptingTraits (0ms)
			SetupTypeCache (158ms)
			ReleaseScriptCaches (0ms)
			RebuildScriptCaches (39ms)
			SetupLoadedEditorAssemblies (473ms)
				LogAssemblyErrors (0ms)
				InitializePlatformSupportModulesInManaged (79ms)
				SetLoadedEditorAssemblies (0ms)
				RefreshPlugins (177ms)
				BeforeProcessingInitializeOnLoad (2ms)
				ProcessInitializeOnLoadAttributes (146ms)
				ProcessInitializeOnLoadMethodAttributes (69ms)
				AfterProcessingInitializeOnLoad (0ms)
				EditorAssembliesLoaded (0ms)
			ExecutionOrderSort2 (0ms)
			AwakeInstancesAfterBackupRestoration (0ms)
Platform modules already initialized, skipping
Registering precompiled user dll's ...
Registered in 0.026154 seconds.
Android Extension - Scanning For ADB Devices 960 ms
Begin MonoManager ReloadAssembly
Symbol file LoadedFromMemory doesn't match image C:\Users\gasawase\Documents\GitHub\NetworkGD2022\NetworkGD\Library\PackageCache\com.unity.visualscripting@1.7.8\Editor\VisualScripting.Core\Dependencies\YamlDotNet\Unity.VisualScripting.YamlDotNet.dll
Symbol file LoadedFromMemory doesn't match image C:\Users\gasawase\Documents\GitHub\NetworkGD2022\NetworkGD\Library\PackageCache\com.unity.visualscripting@1.7.8\Editor\VisualScripting.Core\Dependencies\DotNetZip\Unity.VisualScripting.IonicZip.dll
Native extension for WindowsStandalone target not found
Native extension for Android target not found
Refreshing native plugins compatible for Editor in 155.58 ms, found 3 plugins.
Preloading 0 native plugins for Editor in 0.00 ms.
Mono: successfully reloaded assembly
- Completed reload, in  1.795 seconds
Domain Reload Profiling:
	ReloadAssembly (1796ms)
		BeginReloadAssembly (124ms)
			ExecutionOrderSort (0ms)
			DisableScriptedObjects (5ms)
			BackupInstance (0ms)
			ReleaseScriptingObjects (0ms)
			CreateAndSetChildDomain (23ms)
		EndReloadAssembly (1534ms)
			LoadAssemblies (143ms)
			RebuildTransferFunctionScriptingTraits (0ms)
			SetupTypeCache (433ms)
			ReleaseScriptCaches (1ms)
			RebuildScriptCaches (73ms)
			SetupLoadedEditorAssemblies (855ms)
				LogAssemblyErrors (0ms)
				InitializePlatformSupportModulesInManaged (12ms)
				SetLoadedEditorAssemblies (0ms)
				RefreshPlugins (156ms)
				BeforeProcessingInitializeOnLoad (170ms)
				ProcessInitializeOnLoadAttributes (321ms)
				ProcessInitializeOnLoadMethodAttributes (187ms)
				AfterProcessingInitializeOnLoad (10ms)
				EditorAssembliesLoaded (0ms)
			ExecutionOrderSort2 (0ms)
			AwakeInstancesAfterBackupRestoration (6ms)
Platform modules already initialized, skipping
========================================================================
Worker process is ready to serve import requests
Launched and connected shader compiler UnityShaderCompiler.exe after 0.06 seconds
Refreshing native plugins compatible for Editor in 2.78 ms, found 3 plugins.
Preloading 0 native plugins for Editor in 0.00 ms.
Unloading 6356 Unused Serialized files (Serialized files now loaded: 0)
Unloading 58 unused Assets / (3.8 MB). Loaded Objects now: 6803.
Memory consumption went from 282.3 MB to 278.5 MB.
Total: 9.920700 ms (FindLiveObjects: 1.593300 ms CreateObjectMapping: 1.221700 ms MarkObjects: 5.198800 ms  DeleteObjects: 1.903100 ms)

AssetImportParameters requested are different than current active one (requested -> active):
  custom:video-decoder-ogg-theora: a1e56fd34408186e4bbccfd4996cb3dc -> 
  custom:container-muxer-webm: aa71ff27fc2769a1b78a27578f13a17b -> 
  custom:container-demuxer-webm: 4f35f7cbe854078d1ac9338744f61a02 -> 
  custom:video-encoder-webm-vp8: eb34c28f22e8b96e1ab97ce403110664 -> 
  custom:audio-encoder-webm-vorbis: bf7c407c2cedff20999df2af8eb42d56 -> 
  custom:framework-win-MediaFoundation: 216162199b28c13a410421893ffa2e32 -> 
  custom:container-demuxer-ogg: 62fdf1f143b41e24485cea50d1cbac27 -> 
  custom:video-decoder-webm-vp8: 9c59270c3fd7afecdb556c50c9e8de78 -> 
  custom:audio-decoder-ogg-vorbis: bf7c407c2cedff20999df2af8eb42d56 -> 
========================================================================
Received Import Request.
  Time since last request: 672592.254638 seconds.
  path: Assets/Fantasy Skybox FREE/Cubemaps/FS017/Images/FS017_Rainy_Cubemap.cubemap
  artifactKey: Guid(d1026acb082b4ac4f920e40e4fb0856b) Importer(815301076,1909f56bfc062723c751e8b465ee728b)
Start importing Assets/Fantasy Skybox FREE/Cubemaps/FS017/Images/FS017_Rainy_Cubemap.cubemap using Guid(d1026acb082b4ac4f920e40e4fb0856b) Importer(815301076,1909f56bfc062723c751e8b465ee728b)  -> (artifact id: 'fa70d8c716873985dcab01f62081d19b') in 1.484533 seconds 
========================================================================
Received Import Request.
  Time since last request: 0.000077 seconds.
  path: Assets/Fantasy Skybox FREE/Cubemaps/FS013/Images/FS013_Sunrise_Cubemap.cubemap
  artifactKey: Guid(c41e0db1e4f41b64e9c1540660bc9036) Importer(815301076,1909f56bfc062723c751e8b465ee728b)
Start importing Assets/Fantasy Skybox FREE/Cubemaps/FS013/Images/FS013_Sunrise_Cubemap.cubemap using Guid(c41e0db1e4f41b64e9c1540660bc9036) Importer(815301076,1909f56bfc062723c751e8b465ee728b)  -> (artifact id: '10d1c447eb9d28c1ddc7c8db81be5375') in 0.344847 seconds 
========================================================================
Received Import Request.
  Time since last request: 0.000093 seconds.
  path: Assets/Fantasy Skybox FREE/Cubemaps/FS013/Images/FS013_Night_Moonless_Cubemap.cubemap
  artifactKey: Guid(002c4ae081facae49b8d52962f0b32af) Importer(815301076,1909f56bfc062723c751e8b465ee728b)
Start importing Assets/Fantasy Skybox FREE/Cubemaps/FS013/Images/FS013_Night_Moonless_Cubemap.cubemap using Guid(002c4ae081facae49b8d52962f0b32af) Importer(815301076,1909f56bfc062723c751e8b465ee728b)  -> (artifact id: '0cec98b31668a635d5437eefaed108a6') in 0.336871 seconds 
========================================================================
Received Import Request.
  Time since last request: 0.000085 seconds.
  path: Assets/Fantasy Skybox FREE/Cubemaps/FS017/Images/FS017_Night_Cubemap.cubemap
  artifactKey: Guid(6e79ade78c22a8f4d8a1383480696763) Importer(815301076,1909f56bfc062723c751e8b465ee728b)
Start importing Assets/Fantasy Skybox FREE/Cubemaps/FS017/Images/FS017_Night_Cubemap.cubemap using Guid(6e79ade78c22a8f4d8a1383480696763) Importer(815301076,1909f56bfc062723c751e8b465ee728b)  -> (artifact id: '0a7ed4518e4fdb7a2fabd9d27f82b0d5') in 0.335920 seconds 
========================================================================
Received Import Request.
  Time since last request: 0.000065 seconds.
  path: Assets/Fantasy Skybox FREE/Cubemaps/FS017/Images/FS017_Night_Moonless_Cubemap.cubemap
  artifactKey: Guid(acc436ef816f9b6468f9797fc42011be) Importer(815301076,1909f56bfc062723c751e8b465ee728b)
Start importing Assets/Fantasy Skybox FREE/Cubemaps/FS017/Images/FS017_Night_Moonless_Cubemap.cubemap using Guid(acc436ef816f9b6468f9797fc42011be) Importer(815301076,1909f56bfc062723c751e8b465ee728b)  -> (artifact id: '391ea83cada7c1136b65751dc9bc418c') in 0.276504 seconds 
========================================================================
Received Import Request.
  Time since last request: 0.000049 seconds.
  path: Assets/Fantasy Skybox FREE/Cubemaps/FS017/Images/FS017_Sunrise_Cubemap.cubemap
  artifactKey: Guid(e794d818da7f2e84580cb524059c2772) Importer(815301076,1909f56bfc062723c751e8b465ee728b)
Start importing Assets/Fantasy Skybox FREE/Cubemaps/FS017/Images/FS017_Sunrise_Cubemap.cubemap using Guid(e794d818da7f2e84580cb524059c2772) Importer(815301076,1909f56bfc062723c751e8b465ee728b)  -> (artifact id: 'aa71f2d992a0d1e7b798a72469fe3f56') in 0.257796 seconds 
========================================================================
Received Import Request.
  Time since last request: 0.000101 seconds.
  path: Assets/Fantasy Skybox FREE/Cubemaps/FS013/Images/FS013_Snowy_Cubemap.cubemap
  artifactKey: Guid(467e99ebe4fb3364fb42faadeb1d8ea1) Importer(815301076,1909f56bfc062723c751e8b465ee728b)
Start importing Assets/Fantasy Skybox FREE/Cubemaps/FS013/Images/FS013_Snowy_Cubemap.cubemap using Guid(467e99ebe4fb3364fb42faadeb1d8ea1) Importer(815301076,1909f56bfc062723c751e8b465ee728b)  -> (artifact id: '3d6e4c2b4de71770537627bf89b73368') in 0.271543 seconds 
========================================================================
Received Import Request.
  Time since last request: 0.000048 seconds.
  path: Assets/Fantasy Skybox FREE/Cubemaps/FS017/Images/FS017_Day_Sunless_Cubemap.cubemap
  artifactKey: Guid(cbfea6894aaaf174bae263a99e856595) Importer(815301076,1909f56bfc062723c751e8b465ee728b)
Start importing Assets/Fantasy Skybox FREE/Cubemaps/FS017/Images/FS017_Day_Sunless_Cubemap.cubemap using Guid(cbfea6894aaaf174bae263a99e856595) Importer(815301076,1909f56bfc062723c751e8b465ee728b)  -> (artifact id: 'c6436fd76a05ee2c9a086ae90cd2e116') in 0.270260 seconds 
========================================================================
Received Import Request.
  Time since last request: 0.000086 seconds.
  path: Assets/Fantasy Skybox FREE/Cubemaps/FS017/Images/FS017_Sunset_Cubemap.cubemap
  artifactKey: Guid(b8367ff547c95374ab98593b7ea1a737) Importer(815301076,1909f56bfc062723c751e8b465ee728b)
Start importing Assets/Fantasy Skybox FREE/Cubemaps/FS017/Images/FS017_Sunset_Cubemap.cubemap using Guid(b8367ff547c95374ab98593b7ea1a737) Importer(815301076,1909f56bfc062723c751e8b465ee728b)  -> (artifact id: '9def9307d4d9c79a89cb95f97970cea1') in 0.271494 seconds 
========================================================================
Received Import Request.
  Time since last request: 3.376897 seconds.
  path: Assets/Fantasy Skybox FREE/Cubemaps/FS003/Images/FS003_Night_Moonless_Cubemap.cubemap
  artifactKey: Guid(e0f4f9c3f5dac244bae8a8a4b4181a9d) Importer(815301076,1909f56bfc062723c751e8b465ee728b)
Start importing Assets/Fantasy Skybox FREE/Cubemaps/FS003/Images/FS003_Night_Moonless_Cubemap.cubemap using Guid(e0f4f9c3f5dac244bae8a8a4b4181a9d) Importer(815301076,1909f56bfc062723c751e8b465ee728b)  -> (artifact id: '56750b1f0ce8ab32a3f8f399841f27d6') in 1.815160 seconds 
========================================================================
Received Import Request.
  Time since last request: 0.000165 seconds.
  path: Assets/Fantasy Skybox FREE/Cubemaps/FS003/Images/FS003_Sunset_Cubemap.cubemap
  artifactKey: Guid(0698dbe339272fb429c6722ca4423bea) Importer(815301076,1909f56bfc062723c751e8b465ee728b)
Start importing Assets/Fantasy Skybox FREE/Cubemaps/FS003/Images/FS003_Sunset_Cubemap.cubemap using Guid(0698dbe339272fb429c6722ca4423bea) Importer(815301076,1909f56bfc062723c751e8b465ee728b)  -> (artifact id: '814c33b7923bbe1f2b7e15062702fb1c') in 2.763411 seconds 
========================================================================
Received Import Request.
  Time since last request: 0.000111 seconds.
  path: Assets/Fantasy Skybox FREE/Cubemaps/FS003/Images/FS003_Sunrise_Cubemap.cubemap
  artifactKey: Guid(d01bc0096e819b24db0ea5fbffea90e5) Importer(815301076,1909f56bfc062723c751e8b465ee728b)
Start importing Assets/Fantasy Skybox FREE/Cubemaps/FS003/Images/FS003_Sunrise_Cubemap.cubemap using Guid(d01bc0096e819b24db0ea5fbffea90e5) Importer(815301076,1909f56bfc062723c751e8b465ee728b)  -> (artifact id: '7fc049b4267ecdcdae1e51021d2370e2') in 2.756260 seconds 
========================================================================
Received Import Request.
  Time since last request: 0.239088 seconds.
  path: Assets/Fantasy Skybox FREE/Cubemaps/FS002/Images/FS002_Sunset_Cubemap.cubemap
  artifactKey: Guid(6b15d921064ff3946a766fa4b8433080) Importer(815301076,1909f56bfc062723c751e8b465ee728b)
Start importing Assets/Fantasy Skybox FREE/Cubemaps/FS002/Images/FS002_Sunset_Cubemap.cubemap using Guid(6b15d921064ff3946a766fa4b8433080) Importer(815301076,1909f56bfc062723c751e8b465ee728b)  -> (artifact id: 'b64653142add6699fb7a9f7f77c04ecc') in 2.309380 seconds 
========================================================================
Received Import Request.
  Time since last request: 0.404181 seconds.
  path: Assets/Fantasy Skybox FREE/Cubemaps/Classic/FS000_Night_02_Moonless.png
  artifactKey: Guid(6b1d9786203d21246bc448213b0f9aed) Importer(815301076,1909f56bfc062723c751e8b465ee728b)
Start importing Assets/Fantasy Skybox FREE/Cubemaps/Classic/FS000_Night_02_Moonless.png using Guid(6b1d9786203d21246bc448213b0f9aed) Importer(815301076,1909f56bfc062723c751e8b465ee728b)  -> (artifact id: '583b759db58dcd4debaa0b7c39e7c896') in 0.959175 seconds 
========================================================================
Received Import Request.
  Time since last request: 0.000163 seconds.
  path: Assets/Fantasy Skybox FREE/Cubemaps/FS003/Images/FS003_Day_Sunless_Cubemap.cubemap
  artifactKey: Guid(08eb9ceccf383ff44bd1dccf333d3f33) Importer(815301076,1909f56bfc062723c751e8b465ee728b)
Start importing Assets/Fantasy Skybox FREE/Cubemaps/FS003/Images/FS003_Day_Sunless_Cubemap.cubemap using Guid(08eb9ceccf383ff44bd1dccf333d3f33) Importer(815301076,1909f56bfc062723c751e8b465ee728b)  -> (artifact id: 'f26e04ebd533a34248001984d21a1f11') in 3.167923 seconds 
========================================================================
Received Import Request.
  Time since last request: 0.000172 seconds.
  path: Assets/Fantasy Skybox FREE/Cubemaps/FS002/Images/FS002_Day_Sunless_Cubemap.cubemap
  artifactKey: Guid(bd29e26ce260cf6469bb6afcba3d8518) Importer(815301076,1909f56bfc062723c751e8b465ee728b)
Start importing Assets/Fantasy Skybox FREE/Cubemaps/FS002/Images/FS002_Day_Sunless_Cubemap.cubemap using Guid(bd29e26ce260cf6469bb6afcba3d8518) Importer(815301076,1909f56bfc062723c751e8b465ee728b)  -> (artifact id: '0de8908740383a2d407d965db70517b7') in 4.254430 seconds 
========================================================================
Received Import Request.
  Time since last request: 0.000150 seconds.
  path: Assets/Fantasy Skybox FREE/Cubemaps/FS003/Images/FS003_Day_Cubemap.cubemap
  artifactKey: Guid(8fa4fedf13c1a8a44904553ecc5b5a1d) Importer(815301076,1909f56bfc062723c751e8b465ee728b)
Start importing Assets/Fantasy Skybox FREE/Cubemaps/FS003/Images/FS003_Day_Cubemap.cubemap using Guid(8fa4fedf13c1a8a44904553ecc5b5a1d) Importer(815301076,1909f56bfc062723c751e8b465ee728b)  -> (artifact id: '330418ec7eb221d37efefc412e104b53') in 2.547176 seconds 
========================================================================
Received Import Request.
  Time since last request: 0.440690 seconds.
  path: Assets/Fantasy Skybox FREE/Cubemaps/FS002/Images/FS002_Rainy_Cubemap.cubemap
  artifactKey: Guid(b30035c21f53ad04981ddd751ed608a4) Importer(815301076,1909f56bfc062723c751e8b465ee728b)
Start importing Assets/Fantasy Skybox FREE/Cubemaps/FS002/Images/FS002_Rainy_Cubemap.cubemap using Guid(b30035c21f53ad04981ddd751ed608a4) Importer(815301076,1909f56bfc062723c751e8b465ee728b)  -> (artifact id: '12c33a23d1ac0a45d538acae2aa8b1ce') in 2.846968 seconds 
========================================================================
Received Import Request.
  Time since last request: 0.000143 seconds.
  path: Assets/Fantasy Skybox FREE/Cubemaps/FS002/Images/FS002_Night_Cubemap.cubemap
  artifactKey: Guid(da75575e77bc9304683635a65523ee70) Importer(815301076,1909f56bfc062723c751e8b465ee728b)
Start importing Assets/Fantasy Skybox FREE/Cubemaps/FS002/Images/FS002_Night_Cubemap.cubemap using Guid(da75575e77bc9304683635a65523ee70) Importer(815301076,1909f56bfc062723c751e8b465ee728b)  -> (artifact id: 'e62c17206bad2df28ad3d973c96e0f50') in 3.926292 seconds 
Editor requested this worker to shutdown with reason: Scaling down because of idle timeout
AssetImportWorker is now disconnected from the server
Process exiting
Exiting without the bug reporter. Application will terminate with return code 0